#12 17.56 16:49:35.891 [main] INFO org.springframework.test.context.support.AnnotationConfigContextLoaderUtils -- Could not detect default configuration classes for test class [Store24.Bookstore.BookstoreApplicationTests]: BookstoreApplicationTests does not declare any static, non-private, non-final, nested classes annotated with @Configuration.
#12 17.67 [ERROR] Tests run: 1, Failures: 0, Errors: 1, Skipped: 0, Time elapsed: 0.277 s <<< FAILURE! -- in Store24.Bookstore.BookstoreApplicationTests
#12 17.67 [ERROR] Store24.Bookstore.BookstoreApplicationTests -- Time elapsed: 0.277 s <<< ERROR!
#12 17.67 java.lang.IllegalStateException: Unable to find a @SpringBootConfiguration, you need to use @ContextConfiguration or @SpringBootTest(classes=...) with your test
#12 17.67 	at org.springframework.util.Assert.state(Assert.java:76)
#12 17.67 	at org.springframework.boot.test.context.SpringBootTestContextBootstrapper.findConfigurationClass(SpringBootTestContextBootstrapper.java:246)
#12 17.67 	at org.springframework.boot.test.context.SpringBootTestContextBootstrapper.getOrFindConfigurationClasses(SpringBootTestContextBootstrapper.java:233)
#12 17.67 	at org.springframework.boot.test.context.SpringBootTestContextBootstrapper.processMergedContextConfiguration(SpringBootTestContextBootstrapper.java:150)
#12 17.67 	at org.springframework.test.context.support.AbstractTestContextBootstrapper.buildMergedContextConfiguration(AbstractTestContextBootstrapper.java:351)
#12 17.67 	at org.springframework.test.context.support.AbstractTestContextBootstrapper.buildDefaultMergedContextConfiguration(AbstractTestContextBootstrapper.java:267)
#12 17.67 	at org.springframework.test.context.support.AbstractTestContextBootstrapper.buildMergedContextConfiguration(AbstractTestContextBootstrapper.java:215)
#12 17.67 	at org.springframework.test.context.support.AbstractTestContextBootstrapper.buildTestContext(AbstractTestContextBootstrapper.java:108)
#12 17.67 	at org.springframework.boot.test.context.SpringBootTestContextBootstrapper.buildTestContext(SpringBootTestContextBootstrapper.java:111)
#12 17.67 	at org.springframework.test.context.TestContextManager.<init>(TestContextManager.java:142)
#12 17.67 	at org.springframework.test.context.TestContextManager.<init>(TestContextManager.java:126)
#12 17.67 	at org.springframework.test.context.junit.jupiter.SpringExtension.getTestContextManager(SpringExtension.java:366)
#12 17.67 	at org.springframework.test.context.junit.jupiter.SpringExtension.beforeAll(SpringExtension.java:131)
#12 17.67 	at java.base/java.util.ArrayList.forEach(ArrayList.java:1511)
#12 17.67 
#12 17.69 [INFO] 
#12 17.69 [INFO] Results:
#12 17.69 [INFO] 
#12 17.69 [ERROR] Errors: 
#12 17.69 [ERROR]   BookstoreApplicationTests » IllegalState Unable to find a @SpringBootConfiguration, you need to use @ContextConfiguration or @SpringBootTest(classes=...) with your test
#12 17.69 [INFO] 
#12 17.69 [ERROR] Tests run: 1, Failures: 0, Errors: 1, Skipped: 0
#12 17.69 [INFO] 
#12 17.69 [INFO] ------------------------------------------------------------------------
#12 17.69 [INFO] BUILD FAILURE
#12 17.69 [INFO] ------------------------------------------------------------------------
#12 17.70 [INFO] Total time:  16.033 s
#12 17.70 [INFO] Finished at: 2024-03-06T16:49:36Z
#12 17.70 [INFO] ------------------------------------------------------------------------
#12 17.70 [ERROR] Failed to execute goal org.apache.maven.plugins:maven-surefire-plugin:3.1.2:test (default-test) on project Bookstore: 
#12 17.70 [ERROR] 
#12 17.70 [ERROR] Please refer to /home/app/target/surefire-reports for the individual test results.
#12 17.70 [ERROR] Please refer to dump files (if any exist) [date].dump, [date]-jvmRun[N].dump and [date].dumpstream.
#12 17.70 [ERROR] -> [Help 1]
#12 17.70 [ERROR] 
#12 17.70 [ERROR] To see the full stack trace of the errors, re-run Maven with the -e switch.
#12 17.70 [ERROR] Re-run Maven using the -X switch to enable full debug logging.
#12 17.70 [ERROR] 
#12 17.70 [ERROR] For more information about the errors and possible solutions, please read the following articles:
#12 17.70 [ERROR] [Help 1] http://cwiki.apache.org/confluence/display/MAVEN/MojoFailureException
#12 ERROR: process "/bin/sh -c mvn -f /home/app/pom.xml clean package" did not complete successfully: exit code: 1
------
 > [build 4/4] RUN mvn -f /home/app/pom.xml clean package:
17.70 [ERROR] 
17.70 [ERROR] Please refer to /home/app/target/surefire-reports for the individual test results.
17.70 [ERROR] Please refer to dump files (if any exist) [date].dump, [date]-jvmRun[N].dump and [date].dumpstream.
17.70 [ERROR] -> [Help 1]
17.70 [ERROR] 
17.70 [ERROR] To see the full stack trace of the errors, re-run Maven with the -e switch.
17.70 [ERROR] Re-run Maven using the -X switch to enable full debug logging.
17.70 [ERROR] 
17.70 [ERROR] For more information about the errors and possible solutions, please read the following articles:
17.70 [ERROR] [Help 1] http://cwiki.apache.org/confluence/display/MAVEN/MojoFailureException
------
Dockerfile:10
--------------------
   8 |     COPY pom.xml /home/app
   9 |     # Build the application using Maven
  10 | >>> RUN mvn -f /home/app/pom.xml clean package
  11 |     # Package stage
  12 |     # Use an official Maven image as the base image
--------------------
error: failed to solve: process "/bin/sh -c mvn -f /home/app/pom.xml clean package" did not complete successfully: exit code: 1
error: exit status 1
#12 17.38 [INFO] Running Store24.Bookstore.BookstoreApplicationTests
#12 17.56 16:49:35.891 [main] INFO org.springframework.test.context.support.AnnotationConfigContextLoaderUtils -- Could not detect default configuration classes for test class [Store24.Bookstore.BookstoreApplicationTests]: BookstoreApplicationTests does not declare any static, non-private, non-final, nested classes annotated with @Configuration.
#12 17.67 [ERROR] Tests run: 1, Failures: 0, Errors: 1, Skipped: 0, Time elapsed: 0.277 s <<< FAILURE! -- in Store24.Bookstore.BookstoreApplicationTests
#12 17.67 [ERROR] Store24.Bookstore.BookstoreApplicationTests -- Time elapsed: 0.277 s <<< ERROR!
#12 17.67 java.lang.IllegalStateException: Unable to find a @SpringBootConfiguration, you need to use @ContextConfiguration or @SpringBootTest(classes=...) with your test
#12 17.67 	at org.springframework.util.Assert.state(Assert.java:76)
#12 17.67 	at org.springframework.boot.test.context.SpringBootTestContextBootstrapper.findConfigurationClass(SpringBootTestContextBootstrapper.java:246)
#12 17.67 	at org.springframework.boot.test.context.SpringBootTestContextBootstrapper.getOrFindConfigurationClasses(SpringBootTestContextBootstrapper.java:233)
#12 17.67 	at org.springframework.boot.test.context.SpringBootTestContextBootstrapper.processMergedContextConfiguration(SpringBootTestContextBootstrapper.java:150)
#12 17.67 	at org.springframework.test.context.support.AbstractTestContextBootstrapper.buildMergedContextConfiguration(AbstractTestContextBootstrapper.java:351)
#12 17.67 	at org.springframework.test.context.support.AbstractTestContextBootstrapper.buildDefaultMergedContextConfiguration(AbstractTestContextBootstrapper.java:267)
#12 17.67 	at org.springframework.test.context.support.AbstractTestContextBootstrapper.buildMergedContextConfiguration(AbstractTestContextBootstrapper.java:215)
#12 17.67 	at org.springframework.test.context.support.AbstractTestContextBootstrapper.buildTestContext(AbstractTestContextBootstrapper.java:108)
#12 17.67 	at org.springframework.boot.test.context.SpringBootTestContextBootstrapper.buildTestContext(SpringBootTestContextBootstrapper.java:111)
#12 17.67 	at org.springframework.test.context.TestContextManager.<init>(TestContextManager.java:142)
#12 17.67 	at org.springframework.test.context.TestContextManager.<init>(TestContextManager.java:126)
#12 17.67 	at org.springframework.test.context.junit.jupiter.SpringExtension.getTestContextManager(SpringExtension.java:366)
#12 17.67 	at org.springframework.test.context.junit.jupiter.SpringExtension.beforeAll(SpringExtension.java:131)
#12 17.67 	at java.base/java.util.ArrayList.forEach(ArrayList.java:1511)
#12 17.67 
#12 17.69 [INFO] 
#12 17.69 [INFO] Results:
#12 17.69 [INFO] 
#12 17.69 [ERROR] Errors: 
#12 17.69 [ERROR]   BookstoreApplicationTests » IllegalState Unable to find a @SpringBootConfiguration, you need to use @ContextConfiguration or @SpringBootTest(classes=...) with your test
#12 17.69 [INFO] 
#12 17.69 [ERROR] Tests run: 1, Failures: 0, Errors: 1, Skipped: 0
#12 17.69 [INFO] 
#12 17.69 [INFO] ------------------------------------------------------------------------
#12 17.69 [INFO] BUILD FAILURE
#12 17.69 [INFO] ------------------------------------------------------------------------
#12 17.70 [INFO] Total time:  16.033 s
#12 17.70 [INFO] Finished at: 2024-03-06T16:49:36Z
#12 17.70 [INFO] ------------------------------------------------------------------------
#12 17.70 [ERROR] Failed to execute goal org.apache.maven.plugins:maven-surefire-plugin:3.1.2:test (default-test) on project Bookstore: 
#12 17.70 [ERROR] 
#12 17.70 [ERROR] Please refer to /home/app/target/surefire-reports for the individual test results.
#12 17.70 [ERROR] Please refer to dump files (if any exist) [date].dump, [date]-jvmRun[N].dump and [date].dumpstream.
#12 17.70 [ERROR] -> [Help 1]
#12 17.70 [ERROR] 
#12 17.70 [ERROR] To see the full stack trace of the errors, re-run Maven with the -e switch.
#12 17.70 [ERROR] Re-run Maven using the -X switch to enable full debug logging.
#12 17.70 [ERROR] 
#12 17.70 [ERROR] For more information about the errors and possible solutions, please read the following articles:
#12 17.70 [ERROR] [Help 1] http://cwiki.apache.org/confluence/display/MAVEN/MojoFailureException
#12 ERROR: process "/bin/sh -c mvn -f /home/app/pom.xml clean package" did not complete successfully: exit code: 1
------
 > [build 4/4] RUN mvn -f /home/app/pom.xml clean package:
17.70 [ERROR] 
17.70 [ERROR] Please refer to /home/app/target/surefire-reports for the individual test results.
17.70 [ERROR] Please refer to dump files (if any exist) [date].dump, [date]-jvmRun[N].dump and [date].dumpstream.
17.70 [ERROR] -> [Help 1]
17.70 [ERROR] 
17.70 [ERROR] To see the full stack trace of the errors, re-run Maven with the -e switch.
17.70 [ERROR] Re-run Maven using the -X switch to enable full debug logging.
17.70 [ERROR] 
17.70 [ERROR] For more information about the errors and possible solutions, please read the following articles:
17.70 [ERROR] [Help 1] http://cwiki.apache.org/confluence/display/MAVEN/MojoFailureException
------
Dockerfile:10
--------------------
   8 |     COPY pom.xml /home/app
   9 |     # Build the application using Maven
  10 | >>> RUN mvn -f /home/app/pom.xml clean package
  11 |     # Package stage
  12 |     # Use an official Maven image as the base image
--------------------
error: failed to solve: process "/bin/sh -c mvn -f /home/app/pom.xml clean package" did not complete successfully: exit code: 1
error: exit status 1
#12 17.38 [INFO] Running Store24.Bookstore.BookstoreApplicationTests
#12 17.56 16:49:35.891 [main] INFO org.springframework.test.context.support.AnnotationConfigContextLoaderUtils -- Could not detect default configuration classes for test class [Store24.Bookstore.BookstoreApplicationTests]: BookstoreApplicationTests does not declare any static, non-private, non-final, nested classes annotated with @Configuration.
#12 17.67 [ERROR] Tests run: 1, Failures: 0, Errors: 1, Skipped: 0, Time elapsed: 0.277 s <<< FAILURE! -- in Store24.Bookstore.BookstoreApplicationTests
#12 17.67 [ERROR] Store24.Bookstore.BookstoreApplicationTests -- Time elapsed: 0.277 s <<< ERROR!
#12 17.67 java.lang.IllegalStateException: Unable to find a @SpringBootConfiguration, you need to use @ContextConfiguration or @SpringBootTest(classes=...) with your test
#12 17.67 	at org.springframework.util.Assert.state(Assert.java:76)
#12 17.67 	at org.springframework.boot.test.context.SpringBootTestContextBootstrapper.findConfigurationClass(SpringBootTestContextBootstrapper.java:246)
#12 17.67 	at org.springframework.boot.test.context.SpringBootTestContextBootstrapper.getOrFindConfigurationClasses(SpringBootTestContextBootstrapper.java:233)
#12 17.67 	at org.springframework.boot.test.context.SpringBootTestContextBootstrapper.processMergedContextConfiguration(SpringBootTestContextBootstrapper.java:150)
#12 17.67 	at org.springframework.test.context.support.AbstractTestContextBootstrapper.buildMergedContextConfiguration(AbstractTestContextBootstrapper.java:351)
#12 17.67 	at org.springframework.test.context.support.AbstractTestContextBootstrapper.buildDefaultMergedContextConfiguration(AbstractTestContextBootstrapper.java:267)
#12 17.67 	at org.springframework.test.context.support.AbstractTestContextBootstrapper.buildMergedContextConfiguration(AbstractTestContextBootstrapper.java:215)
#12 17.67 	at org.springframework.test.context.support.AbstractTestContextBootstrapper.buildTestContext(AbstractTestContextBootstrapper.java:108)
#12 17.67 	at org.springframework.boot.test.context.SpringBootTestContextBootstrapper.buildTestContext(SpringBootTestContextBootstrapper.java:111)
#12 17.67 	at org.springframework.test.context.TestContextManager.<init>(TestContextManager.java:142)
#12 17.67 	at org.springframework.test.context.TestContextManager.<init>(TestContextManager.java:126)
#12 17.67 	at org.springframework.test.context.junit.jupiter.SpringExtension.getTestContextManager(SpringExtension.java:366)
#12 17.67 	at org.springframework.test.context.junit.jupiter.SpringExtension.beforeAll(SpringExtension.java:131)
#12 17.67 	at java.base/java.util.ArrayList.forEach(ArrayList.java:1511)
#12 17.67 
#12 17.69 [INFO] 
#12 17.69 [INFO] Results:
#12 17.69 [INFO] 
#12 17.69 [ERROR] Errors: 
#12 17.69 [ERROR]   BookstoreApplicationTests » IllegalState Unable to find a @SpringBootConfiguration, you need to use @ContextConfiguration or @SpringBootTest(classes=...) with your test
#12 17.69 [INFO] 
#12 17.69 [ERROR] Tests run: 1, Failures: 0, Errors: 1, Skipped: 0
#12 17.69 [INFO] 
#12 17.69 [INFO] ------------------------------------------------------------------------
#12 17.69 [INFO] BUILD FAILURE
#12 17.69 [INFO] ------------------------------------------------------------------------
#12 17.70 [INFO] Total time:  16.033 s
#12 17.70 [INFO] Finished at: 2024-03-06T16:49:36Z
#12 17.70 [INFO] ------------------------------------------------------------------------
#12 17.70 [ERROR] Failed to execute goal org.apache.maven.plugins:maven-surefire-plugin:3.1.2:test (default-test) on project Bookstore: 
#12 17.70 [ERROR] 
#12 17.70 [ERROR] Please refer to /home/app/target/surefire-reports for the individual test results.
#12 17.70 [ERROR] Please refer to dump files (if any exist) [date].dump, [date]-jvmRun[N].dump and [date].dumpstream.
#12 17.70 [ERROR] -> [Help 1]
#12 17.70 [ERROR] 
#12 17.70 [ERROR] To see the full stack trace of the errors, re-run Maven with the -e switch.
#12 17.70 [ERROR] Re-run Maven using the -X switch to enable full debug logging.
#12 17.70 [ERROR] 
#12 17.70 [ERROR] For more information about the errors and possible solutions, please read the following articles:
#12 17.70 [ERROR] [Help 1] http://cwiki.apache.org/confluence/display/MAVEN/MojoFailureException
#12 ERROR: process "/bin/sh -c mvn -f /home/app/pom.xml clean package" did not complete successfully: exit code: 1
------
 > [build 4/4] RUN mvn -f /home/app/pom.xml clean package:
17.70 [ERROR] 
17.70 [ERROR] Please refer to /home/app/target/surefire-reports for the individual test results.
17.70 [ERROR] Please refer to dump files (if any exist) [date].dump, [date]-jvmRun[N].dump and [date].dumpstream.
17.70 [ERROR] -> [Help 1]
17.70 [ERROR] 
17.70 [ERROR] To see the full stack trace of the errors, re-run Maven with the -e switch.
17.70 [ERROR] Re-run Maven using the -X switch to enable full debug logging.
17.70 [ERROR] 
17.70 [ERROR] For more information about the errors and possible solutions, please read the following articles:
17.70 [ERROR] [Help 1] http://cwiki.apache.org/confluence/display/MAVEN/MojoFailureException
------
Dockerfile:10
--------------------
   8 |     COPY pom.xml /home/app
   9 |     # Build the application using Maven
  10 | >>> RUN mvn -f /home/app/pom.xml clean package
  11 |     # Package stage
  12 |     # Use an official Maven image as the base image
--------------------
error: failed to solve: process "/bin/sh -c mvn -f /home/app/pom.xml clean package" did not complete successfully: exit code: 1
error: exit status 1